21-12-1982 01:20:03.299000 ProcessA(12) Message here Error Occured
21-12-1982 01:20:03.302000 ProcessA(12) Message here
21-12-1982 01:20:04.246000 ProcessA(12) Message here
21-12-1982 01:20:04.262000 ProcessA(12) Message here
21-12-1982 01:20:05.177000 ProcessA(12) Message here
21-12-1982 01:20:05.177000 ProcessA(12) Message here
21-12-1982 01:20:06.098000 ProcessA(12) Message here
21-12-1982 01:20:06.101000 ProcessA(12) Message here
21-12-1982 01:20:06.999000 ProcessA(12) Message here
21-12-1982 01:20:07.003000 ProcessA(12) Message here
21-12-1982 01:20:07.926000 ProcessA(12) Message here
21-12-1982 01:20:07.928000 ProcessA(12) Message here
21-12-1982 01:20:08.858000 ProcessA(12) Message here Exception
21-12-1982 01:20:08.858000 ProcessA(12) Message here
21-12-1982 01:20:09.802000 ProcessA(12) Message here
21-12-1982 01:20:09.809000 ProcessA(12) Message here
21-12-1982 01:20:10.759000 ProcessA(12) Message here
21-12-1982 01:20:10.763000 ProcessA(12) Message here
21-12-1982 01:20:11.690000 ProcessA(12) Message here Fatal
21-12-1982 01:20:11.713000 ProcessA(12) Message here
21-12-1982 01:20:12.622000 ProcessA(12) Message here
21-12-1982 01:20:12.644000 ProcessA(12) Message here
21-12-1982 01:20:13.559000 ProcessA(12) Message here
21-12-1982 01:20:13.561000 ProcessA(12) Message here
21-12-1982 01:20:14.482000 ProcessA(12) Message here
21-12-1982 01:20:14.484000 ProcessA(12) Message here
21-12-1982 01:20:15.434000 ProcessA(12) Message here
21-12-1982 01:20:15.436000 ProcessA(12) Message here
21-12-1982 01:20:16.381000 ProcessA(12) Message here
21-12-1982 01:20:16.384000 ProcessA(12) Message here User Actions
21-12-1982 01:20:17.368000 ProcessA(12) Message here
21-12-1982 01:20:17.375000 ProcessA(12) Message here
21-12-1982 01:20:19.944000 ProcessA(12) Message here Started
21-12-1982 01:20:19.947000 ProcessA(12) Message here
21-12-1982 01:20:20.871000 ProcessA(12) Message here Finished
21-12-1982 01:20:20.878000 ProcessA(12) Message here
21-12-1982 01:20:21.792000 ProcessA(12) Message here
21-12-1982 01:20:21.816000 ProcessA(12) Message here
21-12-1982 01:20:22.729000 ProcessA(12) Message here
21-12-1982 01:20:22.749000 ProcessA(12) Message here
21-12-1982 01:20:23.657000 ProcessA(12) Message here
21-12-1982 01:20:23.683000 ProcessA(12) Message here
21-12-1982 01:20:24.619000 ProcessA(12) Message here
21-12-1982 01:20:24.622000 ProcessA(12) Message here
21-12-1982 01:20:25.565000 ProcessA(12) Message here
21-12-1982 01:20:25.566000 ProcessA(12) Message here
21-12-1982 01:20:26.519000 ProcessA(12) Message here
21-12-1982 01:20:26.520000 ProcessA(12) Message here
21-12-1982 01:20:27.466000 ProcessA(12) Message here
21-12-1982 01:20:27.467000 ProcessA(12) Message here
21-12-1982 01:20:28.410000 ProcessA(12) Message here
21-12-1982 01:20:28.411000 ProcessA(12) Message here
21-12-1982 01:20:29.355000 ProcessA(12) Message here
21-12-1982 01:20:29.358000 ProcessA(12) Message here
21-12-1982 01:20:30.302000 ProcessA(12) Message here
21-12-1982 01:20:30.308000 ProcessA(12) Message here
21-12-1982 01:20:31.219000 ProcessA(12) Message here
21-12-1982 01:20:31.249000 ProcessA(12) Message here
21-12-1982 01:20:32.200000 ProcessA(12) Message here
21-12-1982 01:20:32.203000 ProcessA(12) Message here
21-12-1982 01:20:33.154000 ProcessA(12) Message here
21-12-1982 01:20:33.157000 ProcessA(12) Message here
21-12-1982 01:20:34.154000 ProcessA(12) Message here
21-12-1982 01:20:34.157000 ProcessA(12) Message here
21-12-1982 01:20:37.084000 ProcessA(12) Message here
21-12-1982 01:20:37.092000 ProcessA(12) Message here
21-12-1982 01:20:38.072000 ProcessA(12) Message here
21-12-1982 01:20:38.104000 ProcessA(12) Message here
21-12-1982 01:20:39.069000 ProcessA(12) Message here
21-12-1982 01:20:39.098000 ProcessA(12) Message here
21-12-1982 01:20:40.072000 ProcessA(12) Message here
21-12-1982 01:20:40.099000 ProcessA(12) Message here
21-12-1982 01:20:41.107000 ProcessA(12) Message here
21-12-1982 01:20:41.112000 ProcessA(12) Message here
21-12-1982 01:20:42.104000 ProcessA(12) Message here
21-12-1982 01:20:42.135000 ProcessA(12) Message here
21-12-1982 01:20:43.147000 ProcessA(12) Message here
21-12-1982 01:20:43.153000 ProcessA(12) Message here
21-12-1982 01:20:44.181000 ProcessA(12) Message here
21-12-1982 01:20:44.186000 ProcessA(12) Message here
21-12-1982 01:20:45.207000 ProcessA(12) Message here
21-12-1982 01:20:45.211000 ProcessA(12) Message here
21-12-1982 01:20:46.203000 ProcessA(12) Message here
21-12-1982 01:20:46.223000 ProcessA(12) Message here
21-12-1982 01:20:47.209000 ProcessA(12) Message here
21-12-1982 01:20:47.226000 ProcessA(12) Message here
21-12-1982 01:20:48.249000 ProcessA(12) Message here
21-12-1982 01:20:48.253000 ProcessA(12) Message here
21-12-1982 01:20:49.286000 ProcessA(12) Message here
21-12-1982 01:20:49.289000 ProcessA(12) Message here
21-12-1982 01:20:50.302000 ProcessA(12) Message here
21-12-1982 01:20:50.309000 ProcessA(12) Message here
21-12-1982 01:20:51.325000 ProcessA(12) Message here
21-12-1982 01:20:51.331000 ProcessA(12) Message here
21-12-1982 01:20:52.413000 ProcessA(12) Message here
21-12-1982 01:20:52.415000 ProcessA(12) Message here
21-12-1982 01:20:55.288000 ProcessA(12) Message here
21-12-1982 01:20:55.292000 ProcessA(12) Message here
21-12-1982 01:20:56.293000 ProcessA(12) Message here
21-12-1982 01:20:56.298000 ProcessA(12) Message here
21-12-1982 01:20:57.298000 ProcessB(12) Message here
21-12-1982 01:20:57.301000 ProcessB(12) Message here
21-12-1982 01:20:58.292000 ProcessB(12) Message here
21-12-1982 01:20:58.296000 ProcessB(12) Message here
21-12-1982 01:20:59.263000 ProcessB(12) Message here
21-12-1982 01:20:59.269000 ProcessB(12) Message here
21-12-1982 01:21:00.250000 ProcessB(12) Message here
21-12-1982 01:21:00.256000 ProcessB(12) Message here
21-12-1982 01:21:01.232000 ProcessB(12) Message here
21-12-1982 01:21:01.240000 ProcessB(12) Message here
21-12-1982 01:21:02.196000 ProcessB(12) Message here
21-12-1982 01:21:02.220000 ProcessB(12) Message here
21-12-1982 01:21:03.193000 ProcessB(12) Message here
21-12-1982 01:21:03.200000 ProcessB(12) Message here
21-12-1982 01:21:04.160000 ProcessB(12) Message here
21-12-1982 01:21:04.180000 ProcessB(12) Message here
21-12-1982 01:21:05.171000 ProcessB(12) Message here
21-12-1982 01:21:05.174000 ProcessB(12) Message here
21-12-1982 01:21:06.171000 ProcessB(12) Message here
21-12-1982 01:21:06.174000 ProcessB(12) Message here
21-12-1982 01:21:07.147000 ProcessB(12) Message here
21-12-1982 01:21:07.167000 ProcessB(12) Message here
21-12-1982 01:21:08.148000 ProcessB(12) Message here
21-12-1982 01:21:08.154000 ProcessB(12) Message here
21-12-1982 01:21:09.125000 ProcessB(12) Message here
21-12-1982 01:21:09.134000 ProcessB(12) Message here
21-12-1982 01:21:10.186000 ProcessB(12) Message here
21-12-1982 01:21:10.193000 ProcessB(12) Message here
21-12-1982 01:21:13.016000 ProcessB(12) Message here
21-12-1982 01:21:13.042000 ProcessB(12) Message here
21-12-1982 01:21:13.973000 ProcessC(12) Message here
21-12-1982 01:21:13.997000 ProcessC(12) Message here
21-12-1982 01:21:14.966000 ProcessC(12) Message here
21-12-1982 01:21:14.973000 ProcessC(12) Message here
21-12-1982 01:21:15.948000 ProcessC(12) Message here
21-12-1982 01:21:15.950000 ProcessC(12) Message here
21-12-1982 01:21:16.926000 ProcessC(12) Message here
21-12-1982 01:21:16.928000 ProcessC(12) Message here
21-12-1982 01:21:17.898000 ProcessC(12) Message here
21-12-1982 01:21:17.901000 ProcessC(12) Message here
21-12-1982 01:21:18.871000 ProcessC(12) Message here
21-12-1982 01:21:18.878000 ProcessC(12) Message here
21-12-1982 01:21:19.828000 ProcessC(12) Message here
21-12-1982 01:21:19.838000 ProcessC(12) Message here
21-12-1982 01:21:20.818000 ProcessC(12) Message here
21-12-1982 01:21:20.821000 ProcessC(12) Message here
21-12-1982 01:21:21.789000 ProcessC(12) Message here
21-12-1982 01:21:21.792000 ProcessC(12) Message here
21-12-1982 01:21:22.766000 ProcessC(12) Message here
21-12-1982 01:21:22.769000 ProcessC(12) Message here
21-12-1982 01:21:23.743000 ProcessC(12) Message here
21-12-1982 01:21:23.746000 ProcessC(12) Message here
21-12-1982 01:21:24.701000 ProcessC(12) Message here
21-12-1982 01:21:24.724000 ProcessC(12) Message here
21-12-1982 01:21:25.690000 ProcessC(12) Message here
21-12-1982 01:21:25.691000 ProcessC(12) Message here
21-12-1982 01:21:26.661000 ProcessC(12) Message here
21-12-1982 01:21:26.665000 ProcessC(12) Message here
21-12-1982 01:21:27.693000 ProcessC(12) Message here
21-12-1982 01:21:27.694000 ProcessD(12) Message here
21-12-1982 01:21:30.562000 ProcessD(12) Message here
21-12-1982 01:21:30.572000 ProcessD(12) Message here
21-12-1982 01:21:31.526000 ProcessD(12) Message here
21-12-1982 01:21:31.549000 ProcessD(12) Message here
21-12-1982 01:21:32.529000 ProcessD(12) Message here
21-12-1982 01:21:32.532000 ProcessD(12) Message here
21-12-1982 01:21:33.502000 ProcessD(12) Message here
21-12-1982 01:21:33.509000 ProcessD(12) Message here
21-12-1982 01:21:34.486000 ProcessD(12) Message here
21-12-1982 01:21:34.489000 ProcessD(12) Message here
21-12-1982 01:21:35.469000 ProcessD(12) Message here
21-12-1982 01:21:35.473000 ProcessD(12) Message here
21-12-1982 01:21:36.460000 ProcessD(12) Message here
21-12-1982 01:21:36.463000 ProcessD(12) Message here
21-12-1982 01:21:37.415000 ProcessD(12) Message here
21-12-1982 01:21:37.424000 ProcessD(12) Message here
21-12-1982 01:21:38.410000 ProcessD(12) Message here
21-12-1982 01:21:38.413000 ProcessD(12) Message here
21-12-1982 01:21:39.378000 ProcessD(12) Message here
21-12-1982 01:21:39.381000 ProcessD(12) Message here
21-12-1982 01:21:40.354000 ProcessD(12) Message here
21-12-1982 01:21:40.357000 ProcessD(12) Message here
21-12-1982 01:21:41.295000 ProcessD(12) Message here
21-12-1982 01:21:41.319000 ProcessD(12) Message here
21-12-1982 01:21:42.272000 ProcessD(12) Message here
21-12-1982 01:21:42.279000 ProcessD(12) Message here
21-12-1982 01:21:43.232000 ProcessD(12) Message here
21-12-1982 01:21:43.249000 ProcessD(12) Message here
21-12-1982 01:21:44.206000 ProcessD(12) Message here
21-12-1982 01:21:44.223000 ProcessD(12) Message here
21-12-1982 01:21:45.243000 ProcessD(12) Message here
21-12-1982 01:21:45.246000 ProcessD(12) Message here
21-12-1982 01:21:48.095000 ProcessD(12) Message here
21-12-1982 01:21:48.117000 ProcessD(12) Message here
21-12-1982 01:21:49.096000 ProcessD(12) Message here
21-12-1982 01:21:49.104000 ProcessD(12) Message here
21-12-1982 01:21:50.088000 ProcessD(12) Message here
21-12-1982 01:21:50.095000 ProcessD(12) Message here
21-12-1982 01:21:51.075000 ProcessD(12) Message here
21-12-1982 01:21:51.082000 ProcessD(12) Message here
21-12-1982 01:21:52.069000 ProcessD(12) Message here
21-12-1982 01:21:52.075000 ProcessD(12) Message here
21-12-1982 01:21:53.069000 ProcessD(12) Message here
21-12-1982 01:21:53.075000 ProcessD(12) Message here
21-12-1982 01:21:54.045000 ProcessD(12) Message here
21-12-1982 01:21:54.069000 ProcessD(12) Message here
21-12-1982 01:21:55.032000 ProcessD(12) Message here
21-12-1982 01:21:55.052000 ProcessD(12) Message here
21-12-1982 01:21:56.036000 ProcessD(12) Message here
21-12-1982 01:21:56.039000 ProcessD(12) Message here
21-12-1982 01:21:56.999000 ProcessD(12) Message here
21-12-1982 01:21:57.022000 ProcessD(12) Message here
21-12-1982 01:21:57.996000 ProcessD(12) Message here
21-12-1982 01:21:58.005000 ProcessD(12) Message here
21-12-1982 01:21:58.994000 ProcessD(12) Message here
21-12-1982 01:21:58.997000 ProcessD(12) Message here
21-12-1982 01:21:59.971000 ProcessD(12) Message here
21-12-1982 01:21:59.980000 ProcessD(12) Message here
21-12-1982 01:22:00.970000 ProcessD(12) Message here
21-12-1982 01:22:00.974000 ProcessD(12) Message here
21-12-1982 01:22:01.953000 ProcessD(12) Message here
21-12-1982 01:22:01.973000 ProcessD(12) Message here
21-12-1982 01:22:03.002000 ProcessD(12) Message here
21-12-1982 01:22:03.009000 ProcessD(12) Message here
21-12-1982 01:22:05.871000 ProcessD(12) Message here
21-12-1982 01:22:05.901000 ProcessD(12) Message here
21-12-1982 01:22:06.865000 ProcessD(12) Message here
21-12-1982 01:22:06.898000 ProcessD(12) Message here
21-12-1982 01:22:07.862000 ProcessD(12) Message here
21-12-1982 01:22:07.898000 ProcessD(12) Message here
21-12-1982 01:22:08.871000 ProcessD(12) Message here
21-12-1982 01:22:08.900000 ProcessD(12) Message here
21-12-1982 01:22:09.898000 ProcessD(12) Message here
21-12-1982 01:22:09.901000 ProcessD(12) Message here
21-12-1982 01:22:10.915000 ProcessD(12) Message here
21-12-1982 01:22:10.923000 ProcessD(12) Message here
21-12-1982 01:22:11.930000 ProcessD(12) Message here
21-12-1982 01:22:11.937000 ProcessD(12) Message here
21-12-1982 01:22:12.924000 ProcessD(12) Message here
21-12-1982 01:22:12.943000 ProcessD(12) Message here
21-12-1982 01:22:13.933000 ProcessD(12) Message here
21-12-1982 01:22:13.954000 ProcessD(12) Message here
21-12-1982 01:22:14.947000 ProcessD(12) Message here
21-12-1982 01:22:14.956000 ProcessD(12) Message here
21-12-1982 01:22:15.959000 ProcessD(12) Message here
21-12-1982 01:22:15.967000 ProcessD(12) Message here
21-12-1982 01:22:16.948000 ProcessD(12) Message here
21-12-1982 01:22:16.974000 ProcessD(12) Message here
21-12-1982 01:22:17.974000 ProcessD(12) Message here
21-12-1982 01:22:17.982000 ProcessD(12) Message here
21-12-1982 01:22:18.996000 ProcessD(12) Message here
21-12-1982 01:22:18.999000 ProcessD(12) Message here
21-12-1982 01:22:20.007000 ProcessD(12) Message here
21-12-1982 01:22:20.012000 ProcessD(12) Message here
21-12-1982 01:22:20.901000 ProcessD(12) Message here
21-12-1982 01:22:20.911000 ProcessD(12) Message here
21-12-1982 01:22:21.059000 ProcessD(12) Message here
21-12-1982 01:22:21.078000 ProcessD(12) Message here
21-12-1982 01:22:21.078000 ProcessD(12) Message here
21-12-1982 01:22:21.081000 ProcessD(12) Message here
21-12-1982 01:25:00.085000 ProcessD(12) Message here
21-12-1982 01:25:00.089000 ProcessD(12) Message here
21-12-1982 01:25:00.144000 ProcessD(12) Message here
21-12-1982 01:25:00.160000 ProcessD(12) Message here
21-12-1982 01:25:00.160000 ProcessD(12) Message here
21-12-1982 01:25:00.229000 ProcessD(12) Message here
21-12-1982 01:25:00.233000 ProcessD(12) Message here
21-12-1982 01:25:00.233000 ProcessD(12) Message here
21-12-1982 01:25:00.237000 ProcessD(12) Message here
21-12-1982 01:25:00.237000 ProcessD(12) Message here
21-12-1982 01:25:00.247000 ProcessD(12) Message here
21-12-1982 01:25:00.249000 ProcessD(12) Message here
21-12-1982 01:25:00.250000 ProcessD(12) Message here
21-12-1982 01:25:00.252000 ProcessD(12) Message here
21-12-1982 01:25:01.338000 ProcessD(12) Message here